2014-09-23 13:25:26,463 ERROR [Worker-17] - System.err - Sep 23, 2014 1:25:26 PM org.xnio.Xnio <clinit>
INFO: XNIO version 3.1.0.Final
2014-09-23 13:25:26,482 ERROR [Worker-17] - System.err - Sep 23, 2014 1:25:26 PM org.xnio.nio.NioXnio <clinit>
INFO: XNIO NIO Implementation Version 3.1.0.Final
2014-09-23 13:25:26,508 ERROR [Worker-17] - System.err - Sep 23, 2014 1:25:26 PM org.jboss.remoting3.EndpointImpl <clinit>
INFO: JBoss Remoting version 4.0.0.Beta1
2014-09-24 10:45:52,341 ERROR [Worker-16] - System.err - Sep 24, 2014 10:45:52 AM org.xnio.Xnio <clinit>
INFO: XNIO version 3.1.0.Final
2014-09-24 10:45:52,355 ERROR [Worker-16] - System.err - Sep 24, 2014 10:45:52 AM org.xnio.nio.NioXnio <clinit>
INFO: XNIO NIO Implementation Version 3.1.0.Final
2014-09-24 10:45:52,382 ERROR [Worker-16] - System.err - Sep 24, 2014 10:45:52 AM org.jboss.remoting3.EndpointImpl <clinit>
INFO: JBoss Remoting version 4.0.0.Beta1
2014-09-24 10:57:17,343 ERROR [Worker-25] - System.err - Sep 24, 2014 10:57:17 AM org.xnio.Xnio <clinit>
INFO: XNIO version 3.2.0.Final
2014-09-24 10:57:17,378 ERROR [Worker-25] - System.err - Sep 24, 2014 10:57:17 AM org.xnio.nio.NioXnio <clinit>
INFO: XNIO NIO Implementation Version 3.2.0.Final
2014-09-24 10:57:17,457 ERROR [Worker-25] - System.err - Sep 24, 2014 10:57:17 AM org.jboss.remoting3.EndpointImpl <clinit>
INFO: JBoss Remoting version (unknown)
2014-09-25 09:08:50,157 ERROR [Worker-0] - System.err - Sep 25, 2014 9:08:50 AM org.xnio.Xnio <clinit>
INFO: XNIO version 3.1.0.Final
2014-09-25 09:08:50,174 ERROR [Worker-0] - System.err - Sep 25, 2014 9:08:50 AM org.xnio.nio.NioXnio <clinit>
INFO: XNIO NIO Implementation Version 3.1.0.Final
2014-09-25 09:08:50,203 ERROR [Worker-0] - System.err - Sep 25, 2014 9:08:50 AM org.jboss.remoting3.EndpointImpl <clinit>
INFO: JBoss Remoting version 4.0.0.Beta1
2014-09-25 09:09:01,818 ERROR [Worker-14] - System.err - Sep 25, 2014 9:09:01 AM org.xnio.Xnio <clinit>
INFO: XNIO version 3.2.0.Final
2014-09-25 09:09:01,852 ERROR [Worker-14] - System.err - Sep 25, 2014 9:09:01 AM org.xnio.nio.NioXnio <clinit>
INFO: XNIO NIO Implementation Version 3.2.0.Final
2014-09-25 09:09:01,917 ERROR [Worker-14] - System.err - Sep 25, 2014 9:09:01 AM org.jboss.remoting3.EndpointImpl <clinit>
INFO: JBoss Remoting version (unknown)
2014-10-01 10:23:26,740 ERROR [Worker-1] - System.err - Oct 01, 2014 10:23:26 AM org.xnio.Xnio <clinit>
INFO: XNIO version 3.1.0.Final
2014-10-01 10:23:26,756 ERROR [Worker-1] - System.err - Oct 01, 2014 10:23:26 AM org.xnio.nio.NioXnio <clinit>
INFO: XNIO NIO Implementation Version 3.1.0.Final
2014-10-01 10:23:26,783 ERROR [Worker-1] - System.err - Oct 01, 2014 10:23:26 AM org.jboss.remoting3.EndpointImpl <clinit>
INFO: JBoss Remoting version 4.0.0.Beta1
2014-10-01 10:23:39,409 ERROR [Worker-15] - System.err - Oct 01, 2014 10:23:39 AM org.xnio.Xnio <clinit>
INFO: XNIO version 3.2.0.Final
2014-10-01 10:23:39,439 ERROR [Worker-15] - System.err - Oct 01, 2014 10:23:39 AM org.xnio.nio.NioXnio <clinit>
INFO: XNIO NIO Implementation Version 3.2.0.Final
2014-10-01 10:23:39,504 ERROR [Worker-15] - System.err - Oct 01, 2014 10:23:39 AM org.jboss.remoting3.EndpointImpl <clinit>
INFO: JBoss Remoting version (unknown)
2014-10-01 11:47:55,232 ERROR [Worker-73] - System.err - Oct 01, 2014 11:47:55 AM org.xnio.Xnio <clinit>
INFO: XNIO version 3.2.0.Final
2014-10-01 11:47:55,253 ERROR [Worker-73] - System.err - Oct 01, 2014 11:47:55 AM org.xnio.nio.NioXnio <clinit>
INFO: XNIO NIO Implementation Version 3.2.0.Final
2014-10-01 11:47:55,294 ERROR [Worker-73] - System.err - Oct 01, 2014 11:47:55 AM org.jboss.remoting3.EndpointImpl <clinit>
INFO: JBoss Remoting version (unknown)
