2014-09-23 13:24:40,599 [ModalContext] WARN  o.e.m.i.discovery.MavenDiscovery - CatalogItem org.eclipse.m2e.discovery.lifecyclemapping.m2e-egit does not contain lifecycle mapping metadata
2014-09-23 13:24:40,605 [ModalContext] WARN  o.e.m.i.discovery.MavenDiscovery - CatalogItem org.eclipse.m2e.discovery.lifecyclemapping.m2e-subversive does not contain lifecycle mapping metadata
2014-09-23 13:24:40,606 [ModalContext] WARN  o.e.m.i.discovery.MavenDiscovery - CatalogItem org.eclipse.m2e.discovery.lifecyclemapping.m2e-subclipse does not contain lifecycle mapping metadata
2014-09-23 13:24:47,097 [Worker-20] INFO  o.e.m.c.i.l.LifecycleMappingFactory - Using org.maven.ide.eclipse.wtp.WarLifecycleMapping lifecycle mapping for MavenProject: se.berglund.yhc3l.angular-sockets-server:angular-websockets-server:0.0.1 @ /Users/andreaberglund/Dropbox/C3L/Websockets/Angular-Sockets-Exercise/angular-socket-server/pom.xml.
2014-09-23 13:24:47,824 [Worker-20] INFO  o.e.m.j.i.AbstractJavaProjectConfigurator - Adding source folder /angular-socket-server/src/main/java
2014-09-23 13:24:47,825 [Worker-20] INFO  o.e.m.j.i.AbstractJavaProjectConfigurator - Adding source folder /angular-socket-server/src/test/java
2014-09-23 13:24:48,536 [Worker-20] INFO  o.e.m.c.i.p.ProjectConfigurationManager - Project import completed 5 sec
2014-09-23 13:24:48,773 [Worker-7] INFO  o.e.m.c.i.p.ProjectConfigurationManager - Update started
2014-09-23 13:24:48,774 [Worker-7] INFO  o.e.m.c.i.p.ProjectConfigurationManager - Update completed: 0 sec
2014-09-23 13:24:49,933 [Worker-9] INFO  o.e.m.c.i.l.LifecycleMappingFactory - Using org.maven.ide.eclipse.wtp.WarLifecycleMapping lifecycle mapping for MavenProject: se.berglund.yhc3l.angular-sockets-server:angular-websockets-server:0.0.1 @ /Users/andreaberglund/Dropbox/C3L/Websockets/Angular-Sockets-Exercise/angular-socket-server/pom.xml.
2014-09-23 13:24:53,593 [Worker-21] INFO  o.e.m.c.i.embedder.EclipseLogger - Using 'UTF-8' encoding to copy filtered resources.
2014-09-23 13:24:53,594 [Worker-21] INFO  o.e.m.c.i.embedder.EclipseLogger - skip non existing resourceDirectory /Users/andreaberglund/Dropbox/C3L/Websockets/Angular-Sockets-Exercise/angular-socket-server/src/main/resources
2014-09-23 13:24:53,597 [Worker-21] INFO  o.e.m.c.i.embedder.EclipseLogger - Using 'UTF-8' encoding to copy filtered resources.
2014-09-23 13:24:53,597 [Worker-21] INFO  o.e.m.c.i.embedder.EclipseLogger - skip non existing resourceDirectory /Users/andreaberglund/Dropbox/C3L/Websockets/Angular-Sockets-Exercise/angular-socket-server/src/test/resources
2014-09-24 10:41:30,195 [Worker-116] INFO  o.e.m.c.i.embedder.EclipseLogger - Using 'UTF-8' encoding to copy filtered resources.
2014-09-24 10:41:30,195 [Worker-116] INFO  o.e.m.c.i.embedder.EclipseLogger - skip non existing resourceDirectory /Users/andreaberglund/Dropbox/C3L/Websockets/Angular-Sockets-Exercise/angular-socket-server/src/main/resources
2014-09-24 10:41:30,198 [Worker-116] INFO  o.e.m.c.i.embedder.EclipseLogger - Using 'UTF-8' encoding to copy filtered resources.
2014-09-24 10:41:30,198 [Worker-116] INFO  o.e.m.c.i.embedder.EclipseLogger - skip non existing resourceDirectory /Users/andreaberglund/Dropbox/C3L/Websockets/Angular-Sockets-Exercise/angular-socket-server/src/test/resources
2014-09-24 10:45:31,961 [Worker-18] INFO  o.e.m.c.i.embedder.EclipseLogger - Using 'UTF-8' encoding to copy filtered resources.
2014-09-24 10:45:31,966 [Worker-18] INFO  o.e.m.c.i.embedder.EclipseLogger - skip non existing resourceDirectory /Users/andreaberglund/Dropbox/C3L/Websockets/Angular-Sockets-Exercise/angular-socket-server/src/main/resources
2014-09-24 10:45:31,970 [Worker-18] INFO  o.e.m.c.i.embedder.EclipseLogger - Using 'UTF-8' encoding to copy filtered resources.
2014-09-24 10:45:31,970 [Worker-18] INFO  o.e.m.c.i.embedder.EclipseLogger - skip non existing resourceDirectory /Users/andreaberglund/Dropbox/C3L/Websockets/Angular-Sockets-Exercise/angular-socket-server/src/test/resources
2014-09-24 10:46:25,385 [Worker-1] INFO  o.e.m.c.i.embedder.EclipseLogger - Using 'UTF-8' encoding to copy filtered resources.
2014-09-24 10:46:25,385 [Worker-1] INFO  o.e.m.c.i.embedder.EclipseLogger - skip non existing resourceDirectory /Users/andreaberglund/Dropbox/C3L/Websockets/Angular-Sockets-Exercise/angular-socket-server/src/main/resources
2014-09-24 10:46:25,387 [Worker-1] INFO  o.e.m.c.i.embedder.EclipseLogger - Using 'UTF-8' encoding to copy filtered resources.
2014-09-24 10:46:25,387 [Worker-1] INFO  o.e.m.c.i.embedder.EclipseLogger - skip non existing resourceDirectory /Users/andreaberglund/Dropbox/C3L/Websockets/Angular-Sockets-Exercise/angular-socket-server/src/test/resources
2014-09-24 10:46:50,060 [Worker-9] INFO  o.e.m.c.i.embedder.EclipseLogger - Using 'UTF-8' encoding to copy filtered resources.
2014-09-24 10:46:50,060 [Worker-9] INFO  o.e.m.c.i.embedder.EclipseLogger - skip non existing resourceDirectory /Users/andreaberglund/Dropbox/C3L/Websockets/Angular-Sockets-Exercise/angular-socket-server/src/main/resources
2014-09-24 10:46:50,061 [Worker-9] INFO  o.e.m.c.i.embedder.EclipseLogger - Using 'UTF-8' encoding to copy filtered resources.
2014-09-24 10:46:50,062 [Worker-9] INFO  o.e.m.c.i.embedder.EclipseLogger - skip non existing resourceDirectory /Users/andreaberglund/Dropbox/C3L/Websockets/Angular-Sockets-Exercise/angular-socket-server/src/test/resources
2014-09-24 10:47:10,589 [Worker-16] INFO  o.e.m.c.i.embedder.EclipseLogger - Using 'UTF-8' encoding to copy filtered resources.
2014-09-24 10:47:10,589 [Worker-16] INFO  o.e.m.c.i.embedder.EclipseLogger - skip non existing resourceDirectory /Users/andreaberglund/Dropbox/C3L/Websockets/Angular-Sockets-Exercise/angular-socket-server/src/main/resources
2014-09-24 10:47:10,591 [Worker-16] INFO  o.e.m.c.i.embedder.EclipseLogger - Using 'UTF-8' encoding to copy filtered resources.
2014-09-24 10:47:10,591 [Worker-16] INFO  o.e.m.c.i.embedder.EclipseLogger - skip non existing resourceDirectory /Users/andreaberglund/Dropbox/C3L/Websockets/Angular-Sockets-Exercise/angular-socket-server/src/test/resources
2014-09-24 10:51:01,885 [Worker-19] INFO  o.e.m.c.i.embedder.EclipseLogger - Using 'UTF-8' encoding to copy filtered resources.
2014-09-24 10:51:01,885 [Worker-19] INFO  o.e.m.c.i.embedder.EclipseLogger - skip non existing resourceDirectory /Users/andreaberglund/Dropbox/C3L/Websockets/Angular-Sockets-Exercise/angular-socket-server/src/main/resources
2014-09-24 10:51:01,887 [Worker-19] INFO  o.e.m.c.i.embedder.EclipseLogger - Using 'UTF-8' encoding to copy filtered resources.
2014-09-24 10:51:01,887 [Worker-19] INFO  o.e.m.c.i.embedder.EclipseLogger - skip non existing resourceDirectory /Users/andreaberglund/Dropbox/C3L/Websockets/Angular-Sockets-Exercise/angular-socket-server/src/test/resources
2014-09-24 10:51:21,892 [Worker-9] INFO  o.e.m.c.i.embedder.EclipseLogger - Using 'UTF-8' encoding to copy filtered resources.
2014-09-24 10:51:21,893 [Worker-9] INFO  o.e.m.c.i.embedder.EclipseLogger - skip non existing resourceDirectory /Users/andreaberglund/Dropbox/C3L/Websockets/Angular-Sockets-Exercise/angular-socket-server/src/main/resources
2014-09-24 10:51:21,895 [Worker-9] INFO  o.e.m.c.i.embedder.EclipseLogger - Using 'UTF-8' encoding to copy filtered resources.
2014-09-24 10:51:21,895 [Worker-9] INFO  o.e.m.c.i.embedder.EclipseLogger - skip non existing resourceDirectory /Users/andreaberglund/Dropbox/C3L/Websockets/Angular-Sockets-Exercise/angular-socket-server/src/test/resources
2014-09-24 10:52:14,641 [Worker-0] INFO  o.e.m.c.i.embedder.EclipseLogger - Using 'UTF-8' encoding to copy filtered resources.
2014-09-24 10:52:14,641 [Worker-0] INFO  o.e.m.c.i.embedder.EclipseLogger - skip non existing resourceDirectory /Users/andreaberglund/Dropbox/C3L/Websockets/Angular-Sockets-Exercise/angular-socket-server/src/main/resources
2014-09-24 10:52:14,643 [Worker-0] INFO  o.e.m.c.i.embedder.EclipseLogger - Using 'UTF-8' encoding to copy filtered resources.
2014-09-24 10:52:14,643 [Worker-0] INFO  o.e.m.c.i.embedder.EclipseLogger - skip non existing resourceDirectory /Users/andreaberglund/Dropbox/C3L/Websockets/Angular-Sockets-Exercise/angular-socket-server/src/test/resources
2014-09-24 10:52:18,521 [Worker-0] INFO  o.e.m.c.i.embedder.EclipseLogger - Using 'UTF-8' encoding to copy filtered resources.
2014-09-24 10:52:18,522 [Worker-0] INFO  o.e.m.c.i.embedder.EclipseLogger - skip non existing resourceDirectory /Users/andreaberglund/Dropbox/C3L/Websockets/Angular-Sockets-Exercise/angular-socket-server/src/main/resources
2014-09-24 10:52:18,526 [Worker-0] INFO  o.e.m.c.i.embedder.EclipseLogger - Using 'UTF-8' encoding to copy filtered resources.
2014-09-24 10:52:18,526 [Worker-0] INFO  o.e.m.c.i.embedder.EclipseLogger - skip non existing resourceDirectory /Users/andreaberglund/Dropbox/C3L/Websockets/Angular-Sockets-Exercise/angular-socket-server/src/test/resources
2014-09-25 09:08:15,984 [Worker-4] INFO  o.e.m.c.i.embedder.EclipseLogger - Using 'UTF-8' encoding to copy filtered resources.
2014-09-25 09:08:15,988 [Worker-4] INFO  o.e.m.c.i.embedder.EclipseLogger - skip non existing resourceDirectory /Users/andreaberglund/Dropbox/C3L/Websockets/Angular-Sockets-Exercise/angular-socket-server/src/main/resources
2014-09-25 09:08:15,991 [Worker-4] INFO  o.e.m.c.i.embedder.EclipseLogger - Using 'UTF-8' encoding to copy filtered resources.
2014-09-25 09:08:15,991 [Worker-4] INFO  o.e.m.c.i.embedder.EclipseLogger - skip non existing resourceDirectory /Users/andreaberglund/Dropbox/C3L/Websockets/Angular-Sockets-Exercise/angular-socket-server/src/test/resources
2014-09-25 09:26:40,352 [Worker-17] INFO  o.e.m.c.i.embedder.EclipseLogger - Using 'UTF-8' encoding to copy filtered resources.
2014-09-25 09:26:40,353 [Worker-17] INFO  o.e.m.c.i.embedder.EclipseLogger - skip non existing resourceDirectory /Users/andreaberglund/Dropbox/C3L/Websockets/Angular-Sockets-Exercise/angular-socket-server/src/main/resources
2014-09-25 09:26:40,354 [Worker-17] INFO  o.e.m.c.i.embedder.EclipseLogger - Using 'UTF-8' encoding to copy filtered resources.
2014-09-25 09:26:40,354 [Worker-17] INFO  o.e.m.c.i.embedder.EclipseLogger - skip non existing resourceDirectory /Users/andreaberglund/Dropbox/C3L/Websockets/Angular-Sockets-Exercise/angular-socket-server/src/test/resources
2014-09-25 09:31:14,819 [ModalContext] WARN  o.e.m.i.discovery.MavenDiscovery - CatalogItem org.eclipse.m2e.discovery.lifecyclemapping.m2e-egit does not contain lifecycle mapping metadata
2014-09-25 09:31:14,822 [ModalContext] WARN  o.e.m.i.discovery.MavenDiscovery - CatalogItem org.eclipse.m2e.discovery.lifecyclemapping.m2e-subversive does not contain lifecycle mapping metadata
2014-09-25 09:31:14,823 [ModalContext] WARN  o.e.m.i.discovery.MavenDiscovery - CatalogItem org.eclipse.m2e.discovery.lifecyclemapping.m2e-subclipse does not contain lifecycle mapping metadata
2014-09-25 09:31:26,626 [Worker-21] INFO  o.e.m.c.i.l.LifecycleMappingFactory - Using org.maven.ide.eclipse.wtp.WarLifecycleMapping lifecycle mapping for MavenProject: se.berglund.yhc3l.angular-sockets-server:angular-websockets-server:0.0.1 @ /Users/andreaberglund/Dropbox/C3L/Websockets/Angular-Sockets-Exercise/socket-server/pom.xml.
2014-09-25 09:31:26,746 [Worker-21] INFO  o.e.m.j.i.AbstractJavaProjectConfigurator - Adding source folder /socket-server/src/main/java
2014-09-25 09:31:26,747 [Worker-21] INFO  o.e.m.j.i.AbstractJavaProjectConfigurator - Adding source folder /socket-server/src/test/java
2014-09-25 09:31:28,149 [Worker-21] INFO  o.e.m.c.i.p.ProjectConfigurationManager - Project import completed 2 sec
2014-09-25 09:31:28,237 [Worker-18] INFO  o.e.m.c.i.p.ProjectConfigurationManager - Update started
2014-09-25 09:31:28,237 [Worker-18] INFO  o.e.m.c.i.p.ProjectConfigurationManager - Update completed: 0 sec
2014-09-25 09:31:28,523 [Worker-22] INFO  o.e.m.c.i.l.LifecycleMappingFactory - Using org.maven.ide.eclipse.wtp.WarLifecycleMapping lifecycle mapping for MavenProject: se.berglund.yhc3l.angular-sockets-server:angular-websockets-server:0.0.1 @ /Users/andreaberglund/Dropbox/C3L/Websockets/Angular-Sockets-Exercise/socket-server/pom.xml.
2014-09-25 09:31:28,738 [Worker-22] INFO  o.e.m.c.i.embedder.EclipseLogger - Using 'UTF-8' encoding to copy filtered resources.
2014-09-25 09:31:28,739 [Worker-22] INFO  o.e.m.c.i.embedder.EclipseLogger - skip non existing resourceDirectory /Users/andreaberglund/Dropbox/C3L/Websockets/Angular-Sockets-Exercise/socket-server/src/main/resources
2014-09-25 09:31:28,741 [Worker-22] INFO  o.e.m.c.i.embedder.EclipseLogger - Using 'UTF-8' encoding to copy filtered resources.
2014-09-25 09:31:28,741 [Worker-22] INFO  o.e.m.c.i.embedder.EclipseLogger - skip non existing resourceDirectory /Users/andreaberglund/Dropbox/C3L/Websockets/Angular-Sockets-Exercise/socket-server/src/test/resources
2014-09-25 09:31:29,125 [Worker-7] INFO  o.e.m.c.i.l.LifecycleMappingFactory - Using org.maven.ide.eclipse.wtp.WarLifecycleMapping lifecycle mapping for MavenProject: se.berglund.yhc3l.angular-sockets-server:angular-websockets-server:0.0.1 @ /Users/andreaberglund/Dropbox/C3L/Websockets/Angular-Sockets-Exercise/socket-server/pom.xml.
2014-09-25 09:31:29,870 [Worker-21] INFO  o.e.m.c.i.embedder.EclipseLogger - Using 'UTF-8' encoding to copy filtered resources.
2014-09-25 09:31:29,870 [Worker-21] INFO  o.e.m.c.i.embedder.EclipseLogger - skip non existing resourceDirectory /Users/andreaberglund/Dropbox/C3L/Websockets/Angular-Sockets-Exercise/socket-server/src/main/resources
2014-09-25 09:31:29,872 [Worker-21] INFO  o.e.m.c.i.embedder.EclipseLogger - Using 'UTF-8' encoding to copy filtered resources.
2014-09-25 09:31:29,872 [Worker-21] INFO  o.e.m.c.i.embedder.EclipseLogger - skip non existing resourceDirectory /Users/andreaberglund/Dropbox/C3L/Websockets/Angular-Sockets-Exercise/socket-server/src/test/resources
2014-09-25 09:35:29,144 [Worker-25] INFO  o.e.m.c.i.embedder.EclipseLogger - Using 'UTF-8' encoding to copy filtered resources.
2014-09-25 09:35:29,144 [Worker-25] INFO  o.e.m.c.i.embedder.EclipseLogger - skip non existing resourceDirectory /Users/andreaberglund/Dropbox/C3L/Websockets/Angular-Sockets-Exercise/socket-server/src/main/resources
2014-09-25 09:35:29,146 [Worker-25] INFO  o.e.m.c.i.embedder.EclipseLogger - Using 'UTF-8' encoding to copy filtered resources.
2014-09-25 09:35:29,146 [Worker-25] INFO  o.e.m.c.i.embedder.EclipseLogger - skip non existing resourceDirectory /Users/andreaberglund/Dropbox/C3L/Websockets/Angular-Sockets-Exercise/socket-server/src/test/resources
2014-09-25 09:41:21,435 [Worker-28] INFO  o.e.m.c.i.embedder.EclipseLogger - Using 'UTF-8' encoding to copy filtered resources.
2014-09-25 09:41:21,435 [Worker-28] INFO  o.e.m.c.i.embedder.EclipseLogger - skip non existing resourceDirectory /Users/andreaberglund/Dropbox/C3L/Websockets/Angular-Sockets-Exercise/socket-server/src/main/resources
2014-09-25 09:41:21,437 [Worker-28] INFO  o.e.m.c.i.embedder.EclipseLogger - Using 'UTF-8' encoding to copy filtered resources.
2014-09-25 09:41:21,437 [Worker-28] INFO  o.e.m.c.i.embedder.EclipseLogger - skip non existing resourceDirectory /Users/andreaberglund/Dropbox/C3L/Websockets/Angular-Sockets-Exercise/socket-server/src/test/resources
2014-09-25 09:41:32,571 [Worker-30] INFO  o.e.m.c.i.embedder.EclipseLogger - Using 'UTF-8' encoding to copy filtered resources.
2014-09-25 09:41:32,571 [Worker-30] INFO  o.e.m.c.i.embedder.EclipseLogger - skip non existing resourceDirectory /Users/andreaberglund/Dropbox/C3L/Websockets/Angular-Sockets-Exercise/socket-server/src/main/resources
2014-09-25 09:41:32,572 [Worker-30] INFO  o.e.m.c.i.embedder.EclipseLogger - Using 'UTF-8' encoding to copy filtered resources.
2014-09-25 09:41:32,572 [Worker-30] INFO  o.e.m.c.i.embedder.EclipseLogger - skip non existing resourceDirectory /Users/andreaberglund/Dropbox/C3L/Websockets/Angular-Sockets-Exercise/socket-server/src/test/resources
2014-09-25 09:41:49,070 [Worker-28] INFO  o.e.m.c.i.embedder.EclipseLogger - Using 'UTF-8' encoding to copy filtered resources.
2014-09-25 09:41:49,070 [Worker-28] INFO  o.e.m.c.i.embedder.EclipseLogger - skip non existing resourceDirectory /Users/andreaberglund/Dropbox/C3L/Websockets/Angular-Sockets-Exercise/socket-server/src/main/resources
2014-09-25 09:41:49,073 [Worker-28] INFO  o.e.m.c.i.embedder.EclipseLogger - Using 'UTF-8' encoding to copy filtered resources.
2014-09-25 09:41:49,074 [Worker-28] INFO  o.e.m.c.i.embedder.EclipseLogger - skip non existing resourceDirectory /Users/andreaberglund/Dropbox/C3L/Websockets/Angular-Sockets-Exercise/socket-server/src/test/resources
2014-09-25 09:42:02,385 [Worker-29] INFO  o.e.m.c.i.embedder.EclipseLogger - Using 'UTF-8' encoding to copy filtered resources.
2014-09-25 09:42:02,385 [Worker-29] INFO  o.e.m.c.i.embedder.EclipseLogger - skip non existing resourceDirectory /Users/andreaberglund/Dropbox/C3L/Websockets/Angular-Sockets-Exercise/socket-server/src/main/resources
2014-09-25 09:42:02,387 [Worker-29] INFO  o.e.m.c.i.embedder.EclipseLogger - Using 'UTF-8' encoding to copy filtered resources.
2014-09-25 09:42:02,387 [Worker-29] INFO  o.e.m.c.i.embedder.EclipseLogger - skip non existing resourceDirectory /Users/andreaberglund/Dropbox/C3L/Websockets/Angular-Sockets-Exercise/socket-server/src/test/resources
2014-09-25 09:42:14,304 [Worker-30] INFO  o.e.m.c.i.embedder.EclipseLogger - Using 'UTF-8' encoding to copy filtered resources.
2014-09-25 09:42:14,304 [Worker-30] INFO  o.e.m.c.i.embedder.EclipseLogger - skip non existing resourceDirectory /Users/andreaberglund/Dropbox/C3L/Websockets/Angular-Sockets-Exercise/socket-server/src/main/resources
2014-09-25 09:42:14,305 [Worker-30] INFO  o.e.m.c.i.embedder.EclipseLogger - Using 'UTF-8' encoding to copy filtered resources.
2014-09-25 09:42:14,306 [Worker-30] INFO  o.e.m.c.i.embedder.EclipseLogger - skip non existing resourceDirectory /Users/andreaberglund/Dropbox/C3L/Websockets/Angular-Sockets-Exercise/socket-server/src/test/resources
2014-09-25 09:42:42,001 [Worker-18] INFO  o.e.m.c.i.embedder.EclipseLogger - Using 'UTF-8' encoding to copy filtered resources.
2014-09-25 09:42:42,001 [Worker-18] INFO  o.e.m.c.i.embedder.EclipseLogger - skip non existing resourceDirectory /Users/andreaberglund/Dropbox/C3L/Websockets/Angular-Sockets-Exercise/socket-server/src/main/resources
2014-09-25 09:42:42,002 [Worker-18] INFO  o.e.m.c.i.embedder.EclipseLogger - Using 'UTF-8' encoding to copy filtered resources.
2014-09-25 09:42:42,003 [Worker-18] INFO  o.e.m.c.i.embedder.EclipseLogger - skip non existing resourceDirectory /Users/andreaberglund/Dropbox/C3L/Websockets/Angular-Sockets-Exercise/socket-server/src/test/resources
2014-09-25 09:43:50,509 [Worker-24] INFO  o.e.m.c.i.embedder.EclipseLogger - Using 'UTF-8' encoding to copy filtered resources.
2014-09-25 09:43:50,510 [Worker-24] INFO  o.e.m.c.i.embedder.EclipseLogger - skip non existing resourceDirectory /Users/andreaberglund/Dropbox/C3L/Websockets/Angular-Sockets-Exercise/socket-server/src/main/resources
2014-09-25 09:43:50,511 [Worker-24] INFO  o.e.m.c.i.embedder.EclipseLogger - Using 'UTF-8' encoding to copy filtered resources.
2014-09-25 09:43:50,512 [Worker-24] INFO  o.e.m.c.i.embedder.EclipseLogger - skip non existing resourceDirectory /Users/andreaberglund/Dropbox/C3L/Websockets/Angular-Sockets-Exercise/socket-server/src/test/resources
2014-09-25 09:44:12,267 [Worker-27] INFO  o.e.m.c.i.embedder.EclipseLogger - Using 'UTF-8' encoding to copy filtered resources.
2014-09-25 09:44:12,267 [Worker-27] INFO  o.e.m.c.i.embedder.EclipseLogger - skip non existing resourceDirectory /Users/andreaberglund/Dropbox/C3L/Websockets/Angular-Sockets-Exercise/socket-server/src/main/resources
2014-09-25 09:44:12,269 [Worker-27] INFO  o.e.m.c.i.embedder.EclipseLogger - Using 'UTF-8' encoding to copy filtered resources.
2014-09-25 09:44:12,269 [Worker-27] INFO  o.e.m.c.i.embedder.EclipseLogger - skip non existing resourceDirectory /Users/andreaberglund/Dropbox/C3L/Websockets/Angular-Sockets-Exercise/socket-server/src/test/resources
2014-09-25 09:44:17,527 [Worker-28] INFO  o.e.m.c.i.embedder.EclipseLogger - Using 'UTF-8' encoding to copy filtered resources.
2014-09-25 09:44:17,528 [Worker-28] INFO  o.e.m.c.i.embedder.EclipseLogger - skip non existing resourceDirectory /Users/andreaberglund/Dropbox/C3L/Websockets/Angular-Sockets-Exercise/socket-server/src/main/resources
2014-09-25 09:44:17,529 [Worker-28] INFO  o.e.m.c.i.embedder.EclipseLogger - Using 'UTF-8' encoding to copy filtered resources.
2014-09-25 09:44:17,529 [Worker-28] INFO  o.e.m.c.i.embedder.EclipseLogger - skip non existing resourceDirectory /Users/andreaberglund/Dropbox/C3L/Websockets/Angular-Sockets-Exercise/socket-server/src/test/resources
2014-09-25 09:44:21,310 [Worker-18] INFO  o.e.m.c.i.embedder.EclipseLogger - Using 'UTF-8' encoding to copy filtered resources.
2014-09-25 09:44:21,311 [Worker-18] INFO  o.e.m.c.i.embedder.EclipseLogger - skip non existing resourceDirectory /Users/andreaberglund/Dropbox/C3L/Websockets/Angular-Sockets-Exercise/socket-server/src/main/resources
2014-09-25 09:44:21,313 [Worker-18] INFO  o.e.m.c.i.embedder.EclipseLogger - Using 'UTF-8' encoding to copy filtered resources.
2014-09-25 09:44:21,313 [Worker-18] INFO  o.e.m.c.i.embedder.EclipseLogger - skip non existing resourceDirectory /Users/andreaberglund/Dropbox/C3L/Websockets/Angular-Sockets-Exercise/socket-server/src/test/resources
2014-09-25 09:44:53,804 [Worker-28] INFO  o.e.m.c.i.embedder.EclipseLogger - Using 'UTF-8' encoding to copy filtered resources.
2014-09-25 09:44:53,805 [Worker-28] INFO  o.e.m.c.i.embedder.EclipseLogger - skip non existing resourceDirectory /Users/andreaberglund/Dropbox/C3L/Websockets/Angular-Sockets-Exercise/socket-server/src/main/resources
2014-09-25 09:44:53,814 [Worker-28] INFO  o.e.m.c.i.embedder.EclipseLogger - Using 'UTF-8' encoding to copy filtered resources.
2014-09-25 09:44:53,814 [Worker-28] INFO  o.e.m.c.i.embedder.EclipseLogger - skip non existing resourceDirectory /Users/andreaberglund/Dropbox/C3L/Websockets/Angular-Sockets-Exercise/socket-server/src/test/resources
2014-09-25 09:45:30,847 [Worker-24] INFO  o.e.m.c.i.embedder.EclipseLogger - Using 'UTF-8' encoding to copy filtered resources.
2014-09-25 09:45:30,847 [Worker-24] INFO  o.e.m.c.i.embedder.EclipseLogger - skip non existing resourceDirectory /Users/andreaberglund/Dropbox/C3L/Websockets/Angular-Sockets-Exercise/socket-server/src/main/resources
2014-09-25 09:45:30,849 [Worker-24] INFO  o.e.m.c.i.embedder.EclipseLogger - Using 'UTF-8' encoding to copy filtered resources.
2014-09-25 09:45:30,849 [Worker-24] INFO  o.e.m.c.i.embedder.EclipseLogger - skip non existing resourceDirectory /Users/andreaberglund/Dropbox/C3L/Websockets/Angular-Sockets-Exercise/socket-server/src/test/resources
2014-09-29 08:54:17,975 [Worker-170] INFO  o.e.m.c.i.embedder.EclipseLogger - Using 'UTF-8' encoding to copy filtered resources.
2014-09-29 08:54:17,976 [Worker-170] INFO  o.e.m.c.i.embedder.EclipseLogger - skip non existing resourceDirectory /Users/andreaberglund/Dropbox/C3L/Websockets/Angular-Sockets-Exercise/socket-server/src/main/resources
2014-09-29 08:54:17,978 [Worker-170] INFO  o.e.m.c.i.embedder.EclipseLogger - Using 'UTF-8' encoding to copy filtered resources.
2014-09-29 08:54:17,978 [Worker-170] INFO  o.e.m.c.i.embedder.EclipseLogger - skip non existing resourceDirectory /Users/andreaberglund/Dropbox/C3L/Websockets/Angular-Sockets-Exercise/socket-server/src/test/resources
2014-09-29 08:54:30,741 [Worker-170] INFO  o.e.m.c.i.embedder.EclipseLogger - Using 'UTF-8' encoding to copy filtered resources.
2014-09-29 08:54:30,741 [Worker-170] INFO  o.e.m.c.i.embedder.EclipseLogger - skip non existing resourceDirectory /Users/andreaberglund/Dropbox/C3L/Websockets/Angular-Sockets-Exercise/socket-server/src/main/resources
2014-09-29 08:54:30,742 [Worker-170] INFO  o.e.m.c.i.embedder.EclipseLogger - Using 'UTF-8' encoding to copy filtered resources.
2014-09-29 08:54:30,743 [Worker-170] INFO  o.e.m.c.i.embedder.EclipseLogger - skip non existing resourceDirectory /Users/andreaberglund/Dropbox/C3L/Websockets/Angular-Sockets-Exercise/socket-server/src/test/resources
2014-09-29 08:58:06,141 [Worker-176] INFO  o.e.m.c.i.embedder.EclipseLogger - Using 'UTF-8' encoding to copy filtered resources.
2014-09-29 08:58:06,142 [Worker-176] INFO  o.e.m.c.i.embedder.EclipseLogger - skip non existing resourceDirectory /Users/andreaberglund/Dropbox/C3L/Websockets/Angular-Sockets-Exercise/socket-server/src/main/resources
2014-09-29 08:58:06,143 [Worker-176] INFO  o.e.m.c.i.embedder.EclipseLogger - Using 'UTF-8' encoding to copy filtered resources.
2014-09-29 08:58:06,144 [Worker-176] INFO  o.e.m.c.i.embedder.EclipseLogger - skip non existing resourceDirectory /Users/andreaberglund/Dropbox/C3L/Websockets/Angular-Sockets-Exercise/socket-server/src/test/resources
2014-09-29 08:58:20,892 [Worker-176] INFO  o.e.m.c.i.embedder.EclipseLogger - Using 'UTF-8' encoding to copy filtered resources.
2014-09-29 08:58:20,892 [Worker-176] INFO  o.e.m.c.i.embedder.EclipseLogger - skip non existing resourceDirectory /Users/andreaberglund/Dropbox/C3L/Websockets/Angular-Sockets-Exercise/socket-server/src/main/resources
2014-09-29 08:58:20,893 [Worker-176] INFO  o.e.m.c.i.embedder.EclipseLogger - Using 'UTF-8' encoding to copy filtered resources.
2014-09-29 08:58:20,894 [Worker-176] INFO  o.e.m.c.i.embedder.EclipseLogger - skip non existing resourceDirectory /Users/andreaberglund/Dropbox/C3L/Websockets/Angular-Sockets-Exercise/socket-server/src/test/resources
2014-09-29 09:03:23,839 [Worker-176] INFO  o.e.m.c.i.embedder.EclipseLogger - Using 'UTF-8' encoding to copy filtered resources.
2014-09-29 09:03:23,840 [Worker-176] INFO  o.e.m.c.i.embedder.EclipseLogger - skip non existing resourceDirectory /Users/andreaberglund/Dropbox/C3L/Websockets/Angular-Sockets-Exercise/socket-server/src/main/resources
2014-09-29 09:03:23,841 [Worker-176] INFO  o.e.m.c.i.embedder.EclipseLogger - Using 'UTF-8' encoding to copy filtered resources.
2014-09-29 09:03:23,841 [Worker-176] INFO  o.e.m.c.i.embedder.EclipseLogger - skip non existing resourceDirectory /Users/andreaberglund/Dropbox/C3L/Websockets/Angular-Sockets-Exercise/socket-server/src/test/resources
2014-09-29 09:03:28,972 [Worker-181] INFO  o.e.m.c.i.embedder.EclipseLogger - Using 'UTF-8' encoding to copy filtered resources.
2014-09-29 09:03:28,973 [Worker-181] INFO  o.e.m.c.i.embedder.EclipseLogger - skip non existing resourceDirectory /Users/andreaberglund/Dropbox/C3L/Websockets/Angular-Sockets-Exercise/socket-server/src/main/resources
2014-09-29 09:03:28,974 [Worker-181] INFO  o.e.m.c.i.embedder.EclipseLogger - Using 'UTF-8' encoding to copy filtered resources.
2014-09-29 09:03:28,974 [Worker-181] INFO  o.e.m.c.i.embedder.EclipseLogger - skip non existing resourceDirectory /Users/andreaberglund/Dropbox/C3L/Websockets/Angular-Sockets-Exercise/socket-server/src/test/resources
2014-09-29 09:03:48,068 [Worker-176] INFO  o.e.m.c.i.embedder.EclipseLogger - Using 'UTF-8' encoding to copy filtered resources.
2014-09-29 09:03:48,068 [Worker-176] INFO  o.e.m.c.i.embedder.EclipseLogger - skip non existing resourceDirectory /Users/andreaberglund/Dropbox/C3L/Websockets/Angular-Sockets-Exercise/socket-server/src/main/resources
2014-09-29 09:03:48,070 [Worker-176] INFO  o.e.m.c.i.embedder.EclipseLogger - Using 'UTF-8' encoding to copy filtered resources.
2014-09-29 09:03:48,070 [Worker-176] INFO  o.e.m.c.i.embedder.EclipseLogger - skip non existing resourceDirectory /Users/andreaberglund/Dropbox/C3L/Websockets/Angular-Sockets-Exercise/socket-server/src/test/resources
2014-09-29 09:03:51,054 [Worker-183] INFO  o.e.m.c.i.embedder.EclipseLogger - Using 'UTF-8' encoding to copy filtered resources.
2014-09-29 09:03:51,054 [Worker-183] INFO  o.e.m.c.i.embedder.EclipseLogger - skip non existing resourceDirectory /Users/andreaberglund/Dropbox/C3L/Websockets/Angular-Sockets-Exercise/socket-server/src/main/resources
2014-09-29 09:03:51,056 [Worker-183] INFO  o.e.m.c.i.embedder.EclipseLogger - Using 'UTF-8' encoding to copy filtered resources.
2014-09-29 09:03:51,056 [Worker-183] INFO  o.e.m.c.i.embedder.EclipseLogger - skip non existing resourceDirectory /Users/andreaberglund/Dropbox/C3L/Websockets/Angular-Sockets-Exercise/socket-server/src/test/resources
2014-09-29 09:04:01,058 [Worker-181] INFO  o.e.m.c.i.embedder.EclipseLogger - Using 'UTF-8' encoding to copy filtered resources.
2014-09-29 09:04:01,058 [Worker-181] INFO  o.e.m.c.i.embedder.EclipseLogger - skip non existing resourceDirectory /Users/andreaberglund/Dropbox/C3L/Websockets/Angular-Sockets-Exercise/socket-server/src/main/resources
2014-09-29 09:04:01,059 [Worker-181] INFO  o.e.m.c.i.embedder.EclipseLogger - Using 'UTF-8' encoding to copy filtered resources.
2014-09-29 09:04:01,059 [Worker-181] INFO  o.e.m.c.i.embedder.EclipseLogger - skip non existing resourceDirectory /Users/andreaberglund/Dropbox/C3L/Websockets/Angular-Sockets-Exercise/socket-server/src/test/resources
2014-09-29 09:04:08,633 [Worker-181] INFO  o.e.m.c.i.embedder.EclipseLogger - Using 'UTF-8' encoding to copy filtered resources.
2014-09-29 09:04:08,634 [Worker-181] INFO  o.e.m.c.i.embedder.EclipseLogger - skip non existing resourceDirectory /Users/andreaberglund/Dropbox/C3L/Websockets/Angular-Sockets-Exercise/socket-server/src/main/resources
2014-09-29 09:04:08,635 [Worker-181] INFO  o.e.m.c.i.embedder.EclipseLogger - Using 'UTF-8' encoding to copy filtered resources.
2014-09-29 09:04:08,635 [Worker-181] INFO  o.e.m.c.i.embedder.EclipseLogger - skip non existing resourceDirectory /Users/andreaberglund/Dropbox/C3L/Websockets/Angular-Sockets-Exercise/socket-server/src/test/resources
2014-09-29 09:21:24,911 [Worker-189] INFO  o.e.m.c.i.embedder.EclipseLogger - Using 'UTF-8' encoding to copy filtered resources.
2014-09-29 09:21:24,911 [Worker-189] INFO  o.e.m.c.i.embedder.EclipseLogger - skip non existing resourceDirectory /Users/andreaberglund/Dropbox/C3L/Websockets/Angular-Sockets-Exercise/socket-server/src/main/resources
2014-09-29 09:21:24,912 [Worker-189] INFO  o.e.m.c.i.embedder.EclipseLogger - Using 'UTF-8' encoding to copy filtered resources.
2014-09-29 09:21:24,912 [Worker-189] INFO  o.e.m.c.i.embedder.EclipseLogger - skip non existing resourceDirectory /Users/andreaberglund/Dropbox/C3L/Websockets/Angular-Sockets-Exercise/socket-server/src/test/resources
